2023-08-06 00:23:05.252885 - Initialized conversion of CBT015
2023-08-06 00:23:05.497976 - Received CBT.V505.FILE015.PDS from FILE015.XMI 
2023-08-06 00:23:05.500209 - Found $$$#DATE.txt (text/plain) in CBT.V505.FILE015.PDS, moved to PDS/$$$#DATE
2023-08-06 00:23:05.501436 - Found $DSCLAIM.txt (text/plain) in CBT.V505.FILE015.PDS, moved to PDS/$DSCLAIM
2023-08-06 00:23:05.502350 - Found $JCL.jcl (text/plain) in CBT.V505.FILE015.PDS, moved to PDS/$JCL
2023-08-06 00:23:05.503242 - Found $README.txt (text/plain) in CBT.V505.FILE015.PDS, moved to PDS/$README
2023-08-06 00:23:05.504285 - Found #RESTORE.txt (text/plain) in CBT.V505.FILE015.PDS, moved to PDS/#RESTORE
2023-08-06 00:23:05.505221 - Found #TRAP.txt (text/plain) in CBT.V505.FILE015.PDS, moved to PDS/#TRAP
2023-08-06 00:23:05.506186 - Found #VPS.txt (text/plain) in CBT.V505.FILE015.PDS, moved to PDS/#VPS
2023-08-06 00:23:05.507247 - Found @FILE015.txt (text/plain) in CBT.V505.FILE015.PDS, moved to PDS/@FILE015
2023-08-06 00:23:05.508383 - Found ACF2INQ.txt (text/plain) in CBT.V505.FILE015.PDS, moved to PDS/ACF2INQ
2023-08-06 00:23:05.509497 - Found ACF2VALD.txt (text/plain) in CBT.V505.FILE015.PDS, moved to PDS/ACF2VALD
2023-08-06 00:23:05.510562 - Found ASKUID.txt (text/plain) in CBT.V505.FILE015.PDS, moved to PDS/ASKUID
2023-08-06 00:23:05.511543 - Found CLIP.txt (text/plain) in CBT.V505.FILE015.PDS, moved to PDS/CLIP
2023-08-06 00:23:05.512472 - Found DYN#C1.txt (text/plain) in CBT.V505.FILE015.PDS, moved to PDS/DYN#C1
2023-08-06 00:23:05.513418 - Found DYN#P1.txt (text/plain) in CBT.V505.FILE015.PDS, moved to PDS/DYN#P1
2023-08-06 00:23:05.514414 - Found DYN#T1.txt (text/plain) in CBT.V505.FILE015.PDS, moved to PDS/DYN#T1
2023-08-06 00:23:05.515379 - Found DYNASEND.jcl (text/plain) in CBT.V505.FILE015.PDS, moved to PDS/DYNASEND
2023-08-06 00:23:05.516354 - Found DYNM00.txt (text/plain) in CBT.V505.FILE015.PDS, moved to PDS/DYNM00
2023-08-06 00:23:05.517280 - Found GDGMOD.jcl (text/plain) in CBT.V505.FILE015.PDS, moved to PDS/GDGMOD
2023-08-06 00:23:05.518211 - Found IEEMB846.txt (text/plain) in CBT.V505.FILE015.PDS, moved to PDS/IEEMB846
2023-08-06 00:23:05.519107 - Found IEEPK860.txt (text/plain) in CBT.V505.FILE015.PDS, moved to PDS/IEEPK860
2023-08-06 00:23:05.520107 - Found ISPTCM.txt (text/plain) in CBT.V505.FILE015.PDS, moved to PDS/ISPTCM
2023-08-06 00:23:05.521155 - Found ISR@PRIM.txt (text/plain) in CBT.V505.FILE015.PDS, moved to PDS/ISR@PRIM
2023-08-06 00:23:05.522131 - Found JCLJES4.jcl (text/plain) in CBT.V505.FILE015.PDS, moved to PDS/JCLJES4
2023-08-06 00:23:05.523154 - Found JCLJES5.jcl (text/plain) in CBT.V505.FILE015.PDS, moved to PDS/JCLJES5
2023-08-06 00:23:05.524103 - Found JESXIT5D.txt (text/plain) in CBT.V505.FILE015.PDS, moved to PDS/JESXIT5D
2023-08-06 00:23:05.524985 - Found JES2XIT4.txt (text/plain) in CBT.V505.FILE015.PDS, moved to PDS/JES2XIT4
2023-08-06 00:23:05.525994 - Found PRIMDOWN.txt (text/plain) in CBT.V505.FILE015.PDS, moved to PDS/PRIMDOWN
2023-08-06 00:23:05.527039 - Found PRIMLEFT.txt (text/plain) in CBT.V505.FILE015.PDS, moved to PDS/PRIMLEFT
2023-08-06 00:23:05.527915 - Found PRIMRGHT.txt (text/plain) in CBT.V505.FILE015.PDS, moved to PDS/PRIMRGHT
2023-08-06 00:23:05.528789 - Found PRIMUP.txt (text/plain) in CBT.V505.FILE015.PDS, moved to PDS/PRIMUP
2023-08-06 00:23:05.529798 - Found RESTORE.txt (text/plain) in CBT.V505.FILE015.PDS, moved to PDS/RESTORE
2023-08-06 00:23:05.530743 - Found SMFPRM00.txt (text/plain) in CBT.V505.FILE015.PDS, moved to PDS/SMFPRM00
2023-08-06 00:23:05.531754 - Found SMF32SAS.jcl (text/plain) in CBT.V505.FILE015.PDS, moved to PDS/SMF32SAS
2023-08-06 00:23:05.532753 - Found SMPEIEE.jcl (text/plain) in CBT.V505.FILE015.PDS, moved to PDS/SMPEIEE
2023-08-06 00:23:05.533678 - Found SMPEPFK.jcl (text/plain) in CBT.V505.FILE015.PDS, moved to PDS/SMPEPFK
2023-08-06 00:23:05.534676 - Found SMPETCM.jcl (text/plain) in CBT.V505.FILE015.PDS, moved to PDS/SMPETCM
2023-08-06 00:23:05.535694 - Found SWTSO.txt (text/plain) in CBT.V505.FILE015.PDS, moved to PDS/SWTSO
2023-08-06 00:23:05.536615 - Found TRAP.txt (text/plain) in CBT.V505.FILE015.PDS, moved to PDS/TRAP
2023-08-06 00:23:05.537547 - Found VPS.txt (text/plain) in CBT.V505.FILE015.PDS, moved to PDS/VPS
